<?xml version="1.0" encoding="UTF-8"?>
<testsuite xmlns:xsi="http://www.w3.org/2001/XMLSchema-instance" xsi:noNamespaceSchemaLocation="https://maven.apache.org/surefire/maven-surefire-plugin/xsd/surefire-test-report.xsd" name="com.tg.cust.pref.retriever.web.CustomerPrefRetrieverControllerTest" time="0.359" tests="3" errors="0" skipped="0" failures="0">
  <properties>
[...]
</properties>
  <testcase name="testGetCustomerPreferences" classname="com.tg.cust.pref.retriever.web.CustomerPrefRetrieverControllerTest" time="0.317"/>
  <testcase name="testGetCustomerPreferenceByType_notfound" classname="com.tg.cust.pref.retriever.web.CustomerPrefRetrieverControllerTest" time="0.019"/>
  <testcase name="testGetCustomerPreferenceByType" classname="com.tg.cust.pref.retriever.web.CustomerPrefRetrieverControllerTest" time="0.019"/>
</testsuite>